[2019-03-31 03:11:45] production.ERROR: PDOException: SQLSTATE[HY000] [1049] Unknown database 'wcp_manbga' in /web/root/_manga/mymangacms_base/vendor/laravel/framework/src/Illuminate/Database/Connectors/Connector.php:68
Stack trace:
#0 /web/root/_manga/mymangacms_base/vendor/laravel/framework/src/Illuminate/Database/Connectors/Connector.php(68): PDO->__construct('mysql:host=db.r...', 'root', 'arJXGqjzbM6hCTG...', Array)
#1 /web/root/_manga/mymangacms_base/vendor/laravel/framework/src/Illuminate/Database/Connectors/Connector.php(44): Illuminate\Database\Connectors\Connector->createPdoConnection('mysql:host=db.r...', 'root', 'arJXGqjzbM6hCTG...', Array)
#2 /web/root/_manga/mymangacms_base/vendor/laravel/framework/src/Illuminate/Database/Connectors/MySqlConnector.php(24): Illuminate\Database\Connectors\Connector->createConnection('mysql:host=db.r...', Array, Array)
#3 /web/root/_manga/mymangacms_base/vendor/laravel/framework/src/Illuminate/Database/Connectors/ConnectionFactory.php(183): Illuminate\Database\Connectors\MySqlConnector->connect(Array)
#4 [internal function]: Illuminate\Database\Connectors\ConnectionFactory->Illuminate\Database\Connectors\{closure}()
#5 /web/root/_manga/mymangacms_base/vendor/laravel/framework/src/Illuminate/Database/Connection.php(883): call_user_func(Object(Closure))
#6 /web/root/_manga/mymangacms_base/vendor/laravel/framework/src/Illuminate/Database/Connection.php(904): Illuminate\Database\Connection->getPdo()
#7 /web/root/_manga/mymangacms_base/vendor/laravel/framework/src/Illuminate/Database/Connection.php(392): Illuminate\Database\Connection->getReadPdo()
#8 /web/root/_manga/mymangacms_base/vendor/laravel/framework/src/Illuminate/Database/Connection.php(318): Illuminate\Database\Connection->getPdoForSelect(true)
#9 /web/root/_manga/mymangacms_base/vendor/laravel/framework/src/Illuminate/Database/Connection.php(640): Illuminate\Database\Connection->Illuminate\Database\{closure}('select * from i...', Array)
#10 /web/root/_manga/mymangacms_base/vendor/laravel/framework/src/Illuminate/Database/Connection.php(607): Illuminate\Database\Connection->runQueryCallback('select * from i...', Array, Object(Closure))
#11 /web/root/_manga/mymangacms_base/vendor/laravel/framework/src/Illuminate/Database/Connection.php(326): Illuminate\Database\Connection->run('select * from i...', Array, Object(Closure))
#12 /web/root/_manga/mymangacms_base/vendor/laravel/framework/src/Illuminate/Database/Schema/MySqlBuilder.php(18): Illuminate\Database\Connection->select('select * from i...', Array)
#13 /web/root/_manga/mymangacms_base/vendor/laravel/framework/src/Illuminate/Database/Migrations/DatabaseMigrationRepository.php(154): Illuminate\Database\Schema\MySqlBuilder->hasTable('migrations')
#14 /web/root/_manga/mymangacms_base/vendor/laravel/framework/src/Illuminate/Database/Migrations/Migrator.php(544): Illuminate\Database\Migrations\DatabaseMigrationRepository->repositoryExists()
#15 /web/root/_manga/mymangacms_base/vendor/laravel/framework/src/Illuminate/Database/Console/Migrations/MigrateCommand.php(96): Illuminate\Database\Migrations\Migrator->repositoryExists()
#16 /web/root/_manga/mymangacms_base/vendor/laravel/framework/src/Illuminate/Database/Console/Migrations/MigrateCommand.php(62): Illuminate\Database\Console\Migrations\MigrateCommand->prepareDatabase()
#17 [internal function]: Illuminate\Database\Console\Migrations\MigrateCommand->fire()
#18 /web/root/_manga/mymangacms_base/vendor/laravel/framework/src/Illuminate/Container/BoundMethod.php(29): call_user_func_array(Array, Array)
#19 /web/root/_manga/mymangacms_base/vendor/laravel/framework/src/Illuminate/Container/BoundMethod.php(87): Illuminate\Container\BoundMethod::Illuminate\Container\{closure}()
#20 /web/root/_manga/mymangacms_base/vendor/laravel/framework/src/Illuminate/Container/BoundMethod.php(31): Illuminate\Container\BoundMethod::callBoundMethod(Object(Illuminate\Foundation\Application), Array, Object(Closure))
#21 /web/root/_manga/mymangacms_base/vendor/laravel/framework/src/Illuminate/Container/Container.php(539): Illuminate\Container\BoundMethod::call(Object(Illuminate\Foundation\Application), Array, Array, NULL)
#22 /web/root/_manga/mymangacms_base/vendor/laravel/framework/src/Illuminate/Console/Command.php(182): Illuminate\Container\Container->call(Array)
#23 /web/root/_manga/mymangacms_base/vendor/symfony/console/Command/Command.php(252): Illuminate\Console\Command->execute(Object(Symfony\Component\Console\Input\ArrayInput), Object(Illuminate\Console\OutputStyle))
#24 /web/root/_manga/mymangacms_base/vendor/laravel/framework/src/Illuminate/Console/Command.php(167): Symfony\Component\Console\Command\Command->run(Object(Symfony\Component\Console\Input\ArrayInput), Object(Illuminate\Console\OutputStyle))
#25 /web/root/_manga/mymangacms_base/vendor/symfony/console/Application.php(936): Illuminate\Console\Command->run(Object(Symfony\Component\Console\Input\ArrayInput), Object(Symfony\Component\Console\Output\BufferedOutput))
#26 /web/root/_manga/mymangacms_base/vendor/symfony/console/Application.php(240): Symfony\Component\Console\Application->doRunCommand(Object(Illuminate\Database\Console\Migrations\MigrateCommand), Object(Symfony\Component\Console\Input\ArrayInput), Object(Symfony\Component\Console\Output\BufferedOutput))
#27 /web/root/_manga/mymangacms_base/vendor/symfony/console/Application.php(148): Symfony\Component\Console\Application->doRun(Object(Symfony\Component\Console\Input\ArrayInput), Object(Symfony\Component\Console\Output\BufferedOutput))
#28 /web/root/_manga/mymangacms_base/vendor/laravel/framework/src/Illuminate/Console/Application.php(141): Symfony\Component\Console\Application->run(Object(Symfony\Component\Console\Input\ArrayInput), Object(Symfony\Component\Console\Output\BufferedOutput))
#29 /web/root/_manga/mymangacms_base/vendor/laravel/framework/src/Illuminate/Foundation/Console/Kernel.php(220): Illuminate\Console\Application->call('migrate', Object(Illuminate\Support\Collection), Object(Symfony\Component\Console\Output\BufferedOutput))
#30 /web/root/_manga/mymangacms_base/vendor/laravel/framework/src/Illuminate/Support/Facades/Facade.php(221): Illuminate\Foundation\Console\Kernel->call('migrate', Array, Object(Symfony\Component\Console\Output\BufferedOutput))
#31 /web/root/_manga/mymangacms_base/vendor/rachidlaasri/laravel-installer/src/Helpers/DatabaseManager.php(36): Illuminate\Support\Facades\Facade::__callStatic('call', Array)
#32 /web/root/_manga/mymangacms_base/vendor/rachidlaasri/laravel-installer/src/Helpers/DatabaseManager.php(24): RachidLaasri\LaravelInstaller\Helpers\DatabaseManager->migrate(Object(Symfony\Component\Console\Output\BufferedOutput))
#33 /web/root/_manga/mymangacms_base/vendor/rachidlaasri/laravel-installer/src/Controllers/DatabaseController.php(30): RachidLaasri\LaravelInstaller\Helpers\DatabaseManager->migrateAndSeed()
#34 [internal function]: RachidLaasri\LaravelInstaller\Controllers\DatabaseController->database()
#35 /web/root/_manga/mymangacms_base/vendor/laravel/framework/src/Illuminate/Routing/Controller.php(55): call_user_func_array(Array, Array)
#36 /web/root/_manga/mymangacms_base/vendor/laravel/framework/src/Illuminate/Routing/ControllerDispatcher.php(44): Illuminate\Routing\Controller->callAction('database', Array)
#37 /web/root/_manga/mymangacms_base/vendor/laravel/framework/src/Illuminate/Routing/Route.php(203): Illuminate\Routing\ControllerDispatcher->dispatch(Object(Illuminate\Routing\Route), Object(RachidLaasri\LaravelInstaller\Controllers\DatabaseController), 'database')
#38 /web/root/_manga/mymangacms_base/vendor/laravel/framework/src/Illuminate/Routing/Route.php(160): Illuminate\Routing\Route->runController()
#39 /web/root/_manga/mymangacms_base/vendor/laravel/framework/src/Illuminate/Routing/Router.php(572): Illuminate\Routing\Route->run()
#40 /web/root/_manga/mymangacms_base/vendor/laravel/framework/src/Illuminate/Routing/Pipeline.php(30): Illuminate\Routing\Router->Illuminate\Routing\{closure}(Object(Illuminate\Http\Request))
#41 /web/root/_manga/mymangacms_base/vendor/rachidlaasri/laravel-installer/src/Middleware/canInstall.php(50): Illuminate\Routing\Pipeline->Illuminate\Routing\{closure}(Object(Illuminate\Http\Request))
#42 /web/root/_manga/mymangacms_base/vendor/laravel/framework/src/Illuminate/Pipeline/Pipeline.php(148): RachidLaasri\LaravelInstaller\Middleware\canInstall->handle(Object(Illuminate\Http\Request), Object(Closure))
#43 /web/root/_manga/mymangacms_base/vendor/laravel/framework/src/Illuminate/Routing/Pipeline.php(53): Illuminate\Pipeline\Pipeline->Illuminate\Pipeline\{closure}(Object(Illuminate\Http\Request))
#44 /web/root/_manga/mymangacms_base/vendor/laravel/framework/src/Illuminate/Routing/Middleware/SubstituteBindings.php(41): Illuminate\Routing\Pipeline->Illuminate\Routing\{closure}(Object(Illuminate\Http\Request))
#45 /web/root/_manga/mymangacms_base/vendor/laravel/framework/src/Illuminate/Pipeline/Pipeline.php(148): Illuminate\Routing\Middleware\SubstituteBindings->handle(Object(Illuminate\Http\Request), Object(Closure))
#46 /web/root/_manga/mymangacms_base/vendor/laravel/framework/src/Illuminate/Routing/Pipeline.php(53): Illuminate\Pipeline\Pipeline->Illuminate\Pipeline\{closure}(Object(Illuminate\Http\Request))
#47 /web/root/_manga/mymangacms_base/vendor/laravel/framework/src/Illuminate/Foundation/Http/Middleware/VerifyCsrfToken.php(65): Illuminate\Routing\Pipeline->Illuminate\Routing\{closure}(Object(Illuminate\Http\Request))
#48 /web/root/_manga/mymangacms_base/vendor/laravel/framework/src/Illuminate/Pipeline/Pipeline.php(148): Illuminate\Foundation\Http\Middleware\VerifyCsrfToken->handle(Object(Illuminate\Http\Request), Object(Closure))
#49 /web/root/_manga/mymangacms_base/vendor/laravel/framework/src/Illuminate/Routing/Pipeline.php(53): Illuminate\Pipeline\Pipeline->Illuminate\Pipeline\{closure}(Object(Illuminate\Http\Request))
#50 /web/root/_manga/mymangacms_base/vendor/laravel/framework/src/Illuminate/View/Middleware/ShareErrorsFromSession.php(49): Illuminate\Routing\Pipeline->Illuminate\Routing\{closure}(Object(Illuminate\Http\Request))
#51 /web/root/_manga/mymangacms_base/vendor/laravel/framework/src/Illuminate/Pipeline/Pipeline.php(148): Illuminate\View\Middleware\ShareErrorsFromSession->handle(Object(Illuminate\Http\Request), Object(Closure))
#52 /web/root/_manga/mymangacms_base/vendor/laravel/framework/src/Illuminate/Routing/Pipeline.php(53): Illuminate\Pipeline\Pipeline->Illuminate\Pipeline\{closure}(Object(Illuminate\Http\Request))
#53 /web/root/_manga/mymangacms_base/vendor/laravel/framework/src/Illuminate/Session/Middleware/StartSession.php(64): Illuminate\Routing\Pipeline->Illuminate\Routing\{closure}(Object(Illuminate\Http\Request))
#54 /web/root/_manga/mymangacms_base/vendor/laravel/framework/src/Illuminate/Pipeline/Pipeline.php(148): Illuminate\Session\Middleware\StartSession->handle(Object(Illuminate\Http\Request), Object(Closure))
#55 /web/root/_manga/mymangacms_base/vendor/laravel/framework/src/Illuminate/Routing/Pipeline.php(53): Illuminate\Pipeline\Pipeline->Illuminate\Pipeline\{closure}(Object(Illuminate\Http\Request))
#56 /web/root/_manga/mymangacms_base/vendor/laravel/framework/src/Illuminate/Cookie/Middleware/AddQueuedCookiesToResponse.php(37): Illuminate\Routing\Pipeline->Illuminate\Routing\{closure}(Object(Illuminate\Http\Request))
#57 /web/root/_manga/mymangacms_base/vendor/laravel/framework/src/Illuminate/Pipeline/Pipeline.php(148): Illuminate\Cookie\Middleware\AddQueuedCookiesToResponse->handle(Object(Illuminate\Http\Request), Object(Closure))
#58 /web/root/_manga/mymangacms_base/vendor/laravel/framework/src/Illuminate/Routing/Pipeline.php(53): Illuminate\Pipeline\Pipeline->Illuminate\Pipeline\{closure}(Object(Illuminate\Http\Request))
#59 /web/root/_manga/mymangacms_base/vendor/laravel/framework/src/Illuminate/Cookie/Middleware/EncryptCookies.php(59): Illuminate\Routing\Pipeline->Illuminate\Routing\{closure}(Object(Illuminate\Http\Request))
#60 /web/root/_manga/mymangacms_base/vendor/laravel/framework/src/Illuminate/Pipeline/Pipeline.php(148): Illuminate\Cookie\Middleware\EncryptCookies->handle(Object(Illuminate\Http\Request), Object(Closure))
#61 /web/root/_manga/mymangacms_base/vendor/laravel/framework/src/Illuminate/Routing/Pipeline.php(53): Illuminate\Pipeline\Pipeline->Illuminate\Pipeline\{closure}(Object(Illuminate\Http\Request))
#62 /web/root/_manga/mymangacms_base/vendor/laravel/framework/src/Illuminate/Pipeline/Pipeline.php(102): Illuminate\Routing\Pipeline->Illuminate\Routing\{closure}(Object(Illuminate\Http\Request))
#63 /web/root/_manga/mymangacms_base/vendor/laravel/framework/src/Illuminate/Routing/Router.php(574): Illuminate\Pipeline\Pipeline->then(Object(Closure))
#64 /web/root/_manga/mymangacms_base/vendor/laravel/framework/src/Illuminate/Routing/Router.php(533): Illuminate\Routing\Router->runRouteWithinStack(Object(Illuminate\Routing\Route), Object(Illuminate\Http\Request))
#65 /web/root/_manga/mymangacms_base/vendor/laravel/framework/src/Illuminate/Routing/Router.php(511): Illuminate\Routing\Router->dispatchToRoute(Object(Illuminate\Http\Request))
#66 /web/root/_manga/mymangacms_base/vendor/laravel/framework/src/Illuminate/Foundation/Http/Kernel.php(176): Illuminate\Routing\Router->dispatch(Object(Illuminate\Http\Request))
#67 /web/root/_manga/mymangacms_base/vendor/laravel/framework/src/Illuminate/Routing/Pipeline.php(30): Illuminate\Foundation\Http\Kernel->Illuminate\Foundation\Http\{closure}(Object(Illuminate\Http\Request))
#68 /web/root/_manga/mymangacms_base/vendor/laravel/framework/src/Illuminate/Foundation/Http/Middleware/TransformsRequest.php(30): Illuminate\Routing\Pipeline->Illuminate\Routing\{closure}(Object(Illuminate\Http\Request))
#69 /web/root/_manga/mymangacms_base/vendor/laravel/framework/src/Illuminate/Pipeline/Pipeline.php(148): Illuminate\Foundation\Http\Middleware\TransformsRequest->handle(Object(Illuminate\Http\Request), Object(Closure))
#70 /web/root/_manga/mymangacms_base/vendor/laravel/framework/src/Illuminate/Routing/Pipeline.php(53): Illuminate\Pipeline\Pipeline->Illuminate\Pipeline\{closure}(Object(Illuminate\Http\Request))
#71 /web/root/_manga/mymangacms_base/vendor/laravel/framework/src/Illuminate/Foundation/Http/Middleware/TransformsRequest.php(30): Illuminate\Routing\Pipeline->Illuminate\Routing\{closure}(Object(Illuminate\Http\Request))
#72 /web/root/_manga/mymangacms_base/vendor/laravel/framework/src/Illuminate/Pipeline/Pipeline.php(148): Illuminate\Foundation\Http\Middleware\TransformsRequest->handle(Object(Illuminate\Http\Request), Object(Closure))
#73 /web/root/_manga/mymangacms_base/vendor/laravel/framework/src/Illuminate/Routing/Pipeline.php(53): Illuminate\Pipeline\Pipeline->Illuminate\Pipeline\{closure}(Object(Illuminate\Http\Request))
#74 /web/root/_manga/mymangacms_base/vendor/laravel/framework/src/Illuminate/Foundation/Http/Middleware/ValidatePostSize.php(27): Illuminate\Routing\Pipeline->Illuminate\Routing\{closure}(Object(Illuminate\Http\Request))
#75 /web/root/_manga/mymangacms_base/vendor/laravel/framework/src/Illuminate/Pipeline/Pipeline.php(148): Illuminate\Foundation\Http\Middleware\ValidatePostSize->handle(Object(Illuminate\Http\Request), Object(Closure))
#76 /web/root/_manga/mymangacms_base/vendor/laravel/framework/src/Illuminate/Routing/Pipeline.php(53): Illuminate\Pipeline\Pipeline->Illuminate\Pipeline\{closure}(Object(Illuminate\Http\Request))
#77 /web/root/_manga/mymangacms_base/vendor/laravel/framework/src/Illuminate/Foundation/Http/Middleware/CheckForMaintenanceMode.php(46): Illuminate\Routing\Pipeline->Illuminate\Routing\{closure}(Object(Illuminate\Http\Request))
#78 /web/root/_manga/mymangacms_base/vendor/laravel/framework/src/Illuminate/Pipeline/Pipeline.php(148): Illuminate\Foundation\Http\Middleware\CheckForMaintenanceMode->handle(Object(Illuminate\Http\Request), Object(Closure))
#79 /web/root/_manga/mymangacms_base/vendor/laravel/framework/src/Illuminate/Routing/Pipeline.php(53): Illuminate\Pipeline\Pipeline->Illuminate\Pipeline\{closure}(Object(Illuminate\Http\Request))
#80 /web/root/_manga/mymangacms_base/vendor/laravel/framework/src/Illuminate/Pipeline/Pipeline.php(102): Illuminate\Routing\Pipeline->Illuminate\Routing\{closure}(Object(Illuminate\Http\Request))
#81 /web/root/_manga/mymangacms_base/vendor/laravel/framework/src/Illuminate/Foundation/Http/Kernel.php(151): Illuminate\Pipeline\Pipeline->then(Object(Closure))
#82 /web/root/_manga/mymangacms_base/vendor/laravel/framework/src/Illuminate/Foundation/Http/Kernel.php(116): Illuminate\Foundation\Http\Kernel->sendRequestThroughRouter(Object(Illuminate\Http\Request))
#83 /web/root/_manga/premium/index.php(26): Illuminate\Foundation\Http\Kernel->handle(Object(Illuminate\Http\Request))
#84 {main}  
